<?xml version="1.0" encoding="UTF-8"?>
<testng-results ignored="0" total="5" passed="5" failed="0" skipped="0">
  <reporter-output>
  </reporter-output>
  <suite started-at="2021-12-13T16:11:09 IST" name="Default suite" finished-at="2021-12-13T16:11:20 IST" duration-ms="10511">
    <groups>
    </groups>
    <test started-at="2021-12-13T16:11:09 IST" name="Default test" finished-at="2021-12-13T16:11:20 IST" duration-ms="10511">
      <class name="Pegalogin_ImplicitWait.Login_Page_IW">
        <test-method is-config="true" signature="setup()[pri:0, instance:Pegalogin_ImplicitWait.Login_Page_IW@3c7f66c4]" started-at="2021-12-13T16:11:09 IST" name="setup" finished-at="2021-12-13T16:11:12 IST" duration-ms="2235" status="PASS">
          <reporter-output>
          </reporter-output>
        </test-method> <!-- setup -->
        <test-method signature="launch_app()[pri:0, instance:Pegalogin_ImplicitWait.Login_Page_IW@3c7f66c4]" started-at="2021-12-13T16:11:12 IST" name="launch_app" finished-at="2021-12-13T16:11:14 IST" duration-ms="1880" status="PASS">
          <reporter-output>
          </reporter-output>
        </test-method> <!-- launch_app -->
        <test-method signature="enter_username()[pri:0, instance:Pegalogin_ImplicitWait.Login_Page_IW@3c7f66c4]" started-at="2021-12-13T16:11:14 IST" name="enter_username" finished-at="2021-12-13T16:11:14 IST" depends-on-methods="Pegalogin_ImplicitWait.Login_Page_IW.launch_app" duration-ms="78" status="PASS">
          <reporter-output>
          </reporter-output>
        </test-method> <!-- enter_username -->
        <test-method signature="enter_password()[pri:0, instance:Pegalogin_ImplicitWait.Login_Page_IW@3c7f66c4]" started-at="2021-12-13T16:11:14 IST" name="enter_password" finished-at="2021-12-13T16:11:14 IST" depends-on-methods="Pegalogin_ImplicitWait.Login_Page_IW.enter_username" duration-ms="85" status="PASS">
          <reporter-output>
          </reporter-output>
        </test-method> <!-- enter_password -->
        <test-method signature="click_login()[pri:0, instance:Pegalogin_ImplicitWait.Login_Page_IW@3c7f66c4]" started-at="2021-12-13T16:11:14 IST" name="click_login" finished-at="2021-12-13T16:11:20 IST" depends-on-methods="Pegalogin_ImplicitWait.Login_Page_IW.enter_password" duration-ms="6028" status="PASS">
          <reporter-output>
          </reporter-output>
        </test-method> <!-- click_login -->
        <test-method signature="get_title()[pri:0, instance:Pegalogin_ImplicitWait.Login_Page_IW@3c7f66c4]" started-at="2021-12-13T16:11:20 IST" name="get_title" finished-at="2021-12-13T16:11:20 IST" depends-on-methods="Pegalogin_ImplicitWait.Login_Page_IW.enter_password" duration-ms="11" status="PASS">
          <reporter-output>
          </reporter-output>
        </test-method> <!-- get_title -->
        <test-method is-config="true" signature="finish()[pri:0, instance:Pegalogin_ImplicitWait.Login_Page_IW@3c7f66c4]" started-at="2021-12-13T16:11:20 IST" name="finish" finished-at="2021-12-13T16:11:20 IST" duration-ms="146" status="PASS">
          <reporter-output>
          </reporter-output>
        </test-method> <!-- finish -->
      </class> <!-- Pegalogin_ImplicitWait.Login_Page_IW -->
    </test> <!-- Default test -->
  </suite> <!-- Default suite -->
</testng-results>
