<?xml version="1.0" encoding="UTF-8"?>
<!-- Generated by org.testng.reporters.JUnitXMLReporter -->
<testsuite ignored="0" hostname="IQZCBELT053" failures="0" tests="5" name="Default test" time="10.511" errors="0" timestamp="2021-12-13T16:11:20 IST">
  <testcase classname="Pegalogin_ImplicitWait.Login_Page_IW" name="launch_app" time="1.88"/>
  <testcase classname="Pegalogin_ImplicitWait.Login_Page_IW" name="enter_username" time="0.078"/>
  <testcase classname="Pegalogin_ImplicitWait.Login_Page_IW" name="enter_password" time="0.085"/>
  <testcase classname="Pegalogin_ImplicitWait.Login_Page_IW" name="click_login" time="6.028"/>
  <testcase classname="Pegalogin_ImplicitWait.Login_Page_IW" name="get_title" time="0.011"/>
</testsuite> <!-- Default test -->
