<?xml version="1.0" encoding="UTF-8"?>
<testng-results ignored="0" total="10" passed="10" failed="0" skipped="0">
  <reporter-output>
  </reporter-output>
  <suite started-at="2021-12-13T14:20:31 IST" name="PegaLogin_twice" finished-at="2021-12-13T14:21:03 IST" duration-ms="32455">
    <groups>
    </groups>
    <test started-at="2021-12-13T14:20:31 IST" name="TestingOnPegaLogin1" finished-at="2021-12-13T14:20:48 IST" duration-ms="16952">
      <class name="Pegalogin_Twice.Login_Page_Twice">
        <test-method is-config="true" signature="setup(java.lang.String)[pri:0, instance:Pegalogin_Twice.Login_Page_Twice@53ce1329]" started-at="2021-12-13T14:20:31 IST" name="setup" finished-at="2021-12-13T14:20:33 IST" duration-ms="2390" status="PASS">
          <params>
            <param index="0">
              <value>
                <![CDATA[one]]>
              </value>
            </param>
          </params>
          <reporter-output>
          </reporter-output>
        </test-method> <!-- setup -->
        <test-method signature="launch_app()[pri:0, instance:Pegalogin_Twice.Login_Page_Twice@53ce1329]" started-at="2021-12-13T14:20:33 IST" name="launch_app" finished-at="2021-12-13T14:20:36 IST" duration-ms="3153" status="PASS">
          <reporter-output>
          </reporter-output>
        </test-method> <!-- launch_app -->
        <test-method signature="enter_username()[pri:0, instance:Pegalogin_Twice.Login_Page_Twice@53ce1329]" started-at="2021-12-13T14:20:36 IST" name="enter_username" finished-at="2021-12-13T14:20:37 IST" depends-on-methods="Pegalogin_Twice.Login_Page_Twice.launch_app" duration-ms="1110" status="PASS">
          <reporter-output>
          </reporter-output>
        </test-method> <!-- enter_username -->
        <test-method signature="enter_password()[pri:0, instance:Pegalogin_Twice.Login_Page_Twice@53ce1329]" started-at="2021-12-13T14:20:37 IST" name="enter_password" finished-at="2021-12-13T14:20:38 IST" depends-on-methods="Pegalogin_Twice.Login_Page_Twice.enter_username" duration-ms="1116" status="PASS">
          <reporter-output>
          </reporter-output>
        </test-method> <!-- enter_password -->
        <test-method signature="click_login()[pri:0, instance:Pegalogin_Twice.Login_Page_Twice@53ce1329]" started-at="2021-12-13T14:20:38 IST" name="click_login" finished-at="2021-12-13T14:20:47 IST" depends-on-methods="Pegalogin_Twice.Login_Page_Twice.enter_password" duration-ms="8901" status="PASS">
          <reporter-output>
          </reporter-output>
        </test-method> <!-- click_login -->
        <test-method signature="get_title()[pri:0, instance:Pegalogin_Twice.Login_Page_Twice@53ce1329]" started-at="2021-12-13T14:20:47 IST" name="get_title" finished-at="2021-12-13T14:20:47 IST" depends-on-methods="Pegalogin_Twice.Login_Page_Twice.enter_password" duration-ms="20" status="PASS">
          <reporter-output>
          </reporter-output>
        </test-method> <!-- get_title -->
        <test-method is-config="true" signature="finish()[pri:0, instance:Pegalogin_Twice.Login_Page_Twice@53ce1329]" started-at="2021-12-13T14:20:47 IST" name="finish" finished-at="2021-12-13T14:20:48 IST" duration-ms="203" status="PASS">
          <reporter-output>
          </reporter-output>
        </test-method> <!-- finish -->
      </class> <!-- Pegalogin_Twice.Login_Page_Twice -->
    </test> <!-- TestingOnPegaLogin1 -->
    <test started-at="2021-12-13T14:20:48 IST" name="TestingOnPegaLogin2" finished-at="2021-12-13T14:21:03 IST" duration-ms="15427">
      <class name="Pegalogin_Twice.Login_Page_Twice">
        <test-method is-config="true" signature="setup(java.lang.String)[pri:0, instance:Pegalogin_Twice.Login_Page_Twice@5824a83d]" started-at="2021-12-13T14:20:48 IST" name="setup" finished-at="2021-12-13T14:20:50 IST" duration-ms="1939" status="PASS">
          <params>
            <param index="0">
              <value>
                <![CDATA[two]]>
              </value>
            </param>
          </params>
          <reporter-output>
          </reporter-output>
        </test-method> <!-- setup -->
        <test-method signature="launch_app()[pri:0, instance:Pegalogin_Twice.Login_Page_Twice@5824a83d]" started-at="2021-12-13T14:20:50 IST" name="launch_app" finished-at="2021-12-13T14:20:52 IST" duration-ms="2755" status="PASS">
          <reporter-output>
          </reporter-output>
        </test-method> <!-- launch_app -->
        <test-method signature="enter_username()[pri:0, instance:Pegalogin_Twice.Login_Page_Twice@5824a83d]" started-at="2021-12-13T14:20:52 IST" name="enter_username" finished-at="2021-12-13T14:20:54 IST" depends-on-methods="Pegalogin_Twice.Login_Page_Twice.launch_app" duration-ms="1108" status="PASS">
          <reporter-output>
          </reporter-output>
        </test-method> <!-- enter_username -->
        <test-method signature="enter_password()[pri:0, instance:Pegalogin_Twice.Login_Page_Twice@5824a83d]" started-at="2021-12-13T14:20:54 IST" name="enter_password" finished-at="2021-12-13T14:20:55 IST" depends-on-methods="Pegalogin_Twice.Login_Page_Twice.enter_username" duration-ms="1104" status="PASS">
          <reporter-output>
          </reporter-output>
        </test-method> <!-- enter_password -->
        <test-method signature="click_login()[pri:0, instance:Pegalogin_Twice.Login_Page_Twice@5824a83d]" started-at="2021-12-13T14:20:55 IST" name="click_login" finished-at="2021-12-13T14:21:03 IST" depends-on-methods="Pegalogin_Twice.Login_Page_Twice.enter_password" duration-ms="8255" status="PASS">
          <reporter-output>
          </reporter-output>
        </test-method> <!-- click_login -->
        <test-method signature="get_title()[pri:0, instance:Pegalogin_Twice.Login_Page_Twice@5824a83d]" started-at="2021-12-13T14:21:03 IST" name="get_title" finished-at="2021-12-13T14:21:03 IST" depends-on-methods="Pegalogin_Twice.Login_Page_Twice.enter_password" duration-ms="12" status="PASS">
          <reporter-output>
          </reporter-output>
        </test-method> <!-- get_title -->
        <test-method is-config="true" signature="finish()[pri:0, instance:Pegalogin_Twice.Login_Page_Twice@5824a83d]" started-at="2021-12-13T14:21:03 IST" name="finish" finished-at="2021-12-13T14:21:03 IST" duration-ms="246" status="PASS">
          <reporter-output>
          </reporter-output>
        </test-method> <!-- finish -->
      </class> <!-- Pegalogin_Twice.Login_Page_Twice -->
    </test> <!-- TestingOnPegaLogin2 -->
  </suite> <!-- PegaLogin_twice -->
</testng-results>
