<?xml version="1.0" encoding="UTF-8"?>
<!-- Generated by org.testng.reporters.JUnitXMLReporter -->
<testsuite ignored="0" hostname="IQZCBELT053" failures="0" tests="5" name="TestingOnPegaLogin1" time="16.952" errors="0" timestamp="2021-12-13T14:20:48 IST">
  <testcase classname="Pegalogin_Twice.Login_Page_Twice" name="launch_app" time="3.153"/>
  <testcase classname="Pegalogin_Twice.Login_Page_Twice" name="enter_username" time="1.11"/>
  <testcase classname="Pegalogin_Twice.Login_Page_Twice" name="enter_password" time="1.116"/>
  <testcase classname="Pegalogin_Twice.Login_Page_Twice" name="click_login" time="8.901"/>
  <testcase classname="Pegalogin_Twice.Login_Page_Twice" name="get_title" time="0.02"/>
</testsuite> <!-- TestingOnPegaLogin1 -->
