<?xml version="1.0" encoding="UTF-8"?>
<!-- Generated by org.testng.reporters.JUnitXMLReporter -->
<testsuite ignored="0" hostname="IQZCBELT053" failures="0" tests="5" name="TestingOnPegaLogin2" time="15.427" errors="0" timestamp="2021-12-13T14:21:03 IST">
  <testcase classname="Pegalogin_Twice.Login_Page_Twice" name="launch_app" time="2.755"/>
  <testcase classname="Pegalogin_Twice.Login_Page_Twice" name="enter_username" time="1.108"/>
  <testcase classname="Pegalogin_Twice.Login_Page_Twice" name="enter_password" time="1.104"/>
  <testcase classname="Pegalogin_Twice.Login_Page_Twice" name="click_login" time="8.255"/>
  <testcase classname="Pegalogin_Twice.Login_Page_Twice" name="get_title" time="0.012"/>
</testsuite> <!-- TestingOnPegaLogin2 -->
