<?xml version="1.0" encoding="UTF-8"?>
<!-- Generated by org.testng.reporters.JUnitXMLReporter -->
<testsuite ignored="0" hostname="IQZCBELT053" failures="0" tests="5" name="Default test" time="23.053" errors="0" timestamp="2021-12-13T13:10:43 IST">
  <testcase classname="Pegalogin_Demo.Login_Page" name="launch_app" time="3.083"/>
  <testcase classname="Pegalogin_Demo.Login_Page" name="enter_username" time="5.132"/>
  <testcase classname="Pegalogin_Demo.Login_Page" name="enter_password" time="3.133"/>
  <testcase classname="Pegalogin_Demo.Login_Page" name="click_login" time="8.722"/>
  <testcase classname="Pegalogin_Demo.Login_Page" name="get_title" time="0.019"/>
</testsuite> <!-- Default test -->
