<?xml version="1.0" encoding="UTF-8"?>
<!-- Generated by org.testng.reporters.JUnitXMLReporter -->
<testsuite ignored="0" hostname="IQZCBELT053" failures="0" tests="5" name="PegaLoginTestE" time="9.987" errors="0" timestamp="2021-12-13T16:02:18 IST">
  <testcase classname="Pegalogin_ExplicitWait.Login_Page_EW" name="launch_app" time="2.873"/>
  <testcase classname="Pegalogin_ExplicitWait.Login_Page_EW" name="enter_username" time="0.227"/>
  <testcase classname="Pegalogin_ExplicitWait.Login_Page_EW" name="enter_password" time="0.181"/>
  <testcase classname="Pegalogin_ExplicitWait.Login_Page_EW" name="click_login" time="3.641"/>
  <testcase classname="Pegalogin_ExplicitWait.Login_Page_EW" name="get_title" time="0.011"/>
</testsuite> <!-- PegaLoginTestE -->
