<?xml version="1.0" encoding="UTF-8"?>
<!-- Generated by org.testng.reporters.JUnitXMLReporter -->
<testsuite ignored="0" hostname="IQZCBELT053" failures="0" tests="5" name="TestingOnPegaLogin3" time="15.272" errors="0" timestamp="2021-12-13T14:30:34 IST">
  <testcase classname="Pegalogin_Thrice.Login_Page_Thrice" name="launch_app" time="2.867"/>
  <testcase classname="Pegalogin_Thrice.Login_Page_Thrice" name="enter_username" time="1.098"/>
  <testcase classname="Pegalogin_Thrice.Login_Page_Thrice" name="enter_password" time="1.108"/>
  <testcase classname="Pegalogin_Thrice.Login_Page_Thrice" name="click_login" time="8.07"/>
  <testcase classname="Pegalogin_Thrice.Login_Page_Thrice" name="get_title" time="0.014"/>
</testsuite> <!-- TestingOnPegaLogin3 -->
