<?xml version="1.0" encoding="UTF-8"?>
<!-- Generated by org.testng.reporters.JUnitXMLReporter -->
<testsuite ignored="0" hostname="IQZCBELT053" failures="0" tests="5" name="TestingOnPegaLogin2" time="15.578" errors="0" timestamp="2021-12-13T14:30:19 IST">
  <testcase classname="Pegalogin_Thrice.Login_Page_Thrice" name="launch_app" time="2.67"/>
  <testcase classname="Pegalogin_Thrice.Login_Page_Thrice" name="enter_username" time="1.167"/>
  <testcase classname="Pegalogin_Thrice.Login_Page_Thrice" name="enter_password" time="1.123"/>
  <testcase classname="Pegalogin_Thrice.Login_Page_Thrice" name="click_login" time="8.577"/>
  <testcase classname="Pegalogin_Thrice.Login_Page_Thrice" name="get_title" time="0.02"/>
</testsuite> <!-- TestingOnPegaLogin2 -->
