<?xml version="1.0" encoding="UTF-8"?>
<testng-results ignored="0" total="4" passed="4" failed="0" skipped="0">
  <reporter-output>
  </reporter-output>
  <suite started-at="2021-11-23T13:57:44 IST" name="BroswerSuite" finished-at="2021-11-23T13:58:41 IST" duration-ms="57289">
    <groups>
    </groups>
    <test started-at="2021-11-23T13:57:44 IST" name="TestingOnChrome" finished-at="2021-11-23T13:58:13 IST" duration-ms="29612">
      <class name="Demo.Cross_Browser">
        <test-method is-config="true" signature="setup(java.lang.String)[pri:0, instance:Demo.Cross_Browser@194bcebf]" started-at="2021-11-23T13:57:44 IST" name="setup" finished-at="2021-11-23T13:57:46 IST" duration-ms="2208" status="PASS">
          <params>
            <param index="0">
              <value>
                <![CDATA[chrome]]>
              </value>
            </param>
          </params>
          <reporter-output>
          </reporter-output>
        </test-method> <!-- setup -->
        <test-method signature="testGoogle()[pri:0, instance:Demo.Cross_Browser@194bcebf]" started-at="2021-11-23T13:57:46 IST" name="testGoogle" finished-at="2021-11-23T13:57:56 IST" duration-ms="10098" status="PASS">
          <reporter-output>
          </reporter-output>
        </test-method> <!-- testGoogle -->
        <test-method signature="testYahoo()[pri:0, instance:Demo.Cross_Browser@194bcebf]" started-at="2021-11-23T13:57:56 IST" name="testYahoo" finished-at="2021-11-23T13:58:12 IST" duration-ms="16341" status="PASS">
          <reporter-output>
          </reporter-output>
        </test-method> <!-- testYahoo -->
        <test-method is-config="true" signature="finish()[pri:0, instance:Demo.Cross_Browser@194bcebf]" started-at="2021-11-23T13:58:12 IST" name="finish" finished-at="2021-11-23T13:58:13 IST" duration-ms="930" status="PASS">
          <reporter-output>
          </reporter-output>
        </test-method> <!-- finish -->
      </class> <!-- Demo.Cross_Browser -->
    </test> <!-- TestingOnChrome -->
    <test started-at="2021-11-23T13:58:13 IST" name="TestingOnEdge" finished-at="2021-11-23T13:58:41 IST" duration-ms="27632">
      <class name="Demo.Cross_Browser">
        <test-method is-config="true" signature="setup(java.lang.String)[pri:0, instance:Demo.Cross_Browser@576d5deb]" started-at="2021-11-23T13:58:13 IST" name="setup" finished-at="2021-11-23T13:58:15 IST" duration-ms="1597" status="PASS">
          <params>
            <param index="0">
              <value>
                <![CDATA[edge]]>
              </value>
            </param>
          </params>
          <reporter-output>
          </reporter-output>
        </test-method> <!-- setup -->
        <test-method signature="testGoogle()[pri:0, instance:Demo.Cross_Browser@576d5deb]" started-at="2021-11-23T13:58:15 IST" name="testGoogle" finished-at="2021-11-23T13:58:26 IST" duration-ms="10540" status="PASS">
          <reporter-output>
          </reporter-output>
        </test-method> <!-- testGoogle -->
        <test-method signature="testYahoo()[pri:0, instance:Demo.Cross_Browser@576d5deb]" started-at="2021-11-23T13:58:26 IST" name="testYahoo" finished-at="2021-11-23T13:58:40 IST" duration-ms="14216" status="PASS">
          <reporter-output>
          </reporter-output>
        </test-method> <!-- testYahoo -->
        <test-method is-config="true" signature="finish()[pri:0, instance:Demo.Cross_Browser@576d5deb]" started-at="2021-11-23T13:58:40 IST" name="finish" finished-at="2021-11-23T13:58:41 IST" duration-ms="1276" status="PASS">
          <reporter-output>
          </reporter-output>
        </test-method> <!-- finish -->
      </class> <!-- Demo.Cross_Browser -->
    </test> <!-- TestingOnEdge -->
  </suite> <!-- BroswerSuite -->
</testng-results>
