<?xml version="1.0" encoding="UTF-8"?>
<testng-results ignored="0" total="5" passed="5" failed="0" skipped="0">
  <reporter-output>
  </reporter-output>
  <suite started-at="2021-12-13T13:10:20 IST" name="Default suite" finished-at="2021-12-13T13:10:43 IST" duration-ms="23053">
    <groups>
    </groups>
    <test started-at="2021-12-13T13:10:20 IST" name="Default test" finished-at="2021-12-13T13:10:43 IST" duration-ms="23053">
      <class name="Pegalogin_Demo.Login_Page">
        <test-method is-config="true" signature="setup()[pri:0, instance:Pegalogin_Demo.Login_Page@3c7f66c4]" started-at="2021-12-13T13:10:20 IST" name="setup" finished-at="2021-12-13T13:10:23 IST" duration-ms="2539" status="PASS">
          <reporter-output>
          </reporter-output>
        </test-method> <!-- setup -->
        <test-method signature="launch_app()[pri:0, instance:Pegalogin_Demo.Login_Page@3c7f66c4]" started-at="2021-12-13T13:10:23 IST" name="launch_app" finished-at="2021-12-13T13:10:26 IST" duration-ms="3083" status="PASS">
          <reporter-output>
          </reporter-output>
        </test-method> <!-- launch_app -->
        <test-method signature="enter_username()[pri:0, instance:Pegalogin_Demo.Login_Page@3c7f66c4]" started-at="2021-12-13T13:10:26 IST" name="enter_username" finished-at="2021-12-13T13:10:31 IST" depends-on-methods="Pegalogin_Demo.Login_Page.launch_app" duration-ms="5132" status="PASS">
          <reporter-output>
          </reporter-output>
        </test-method> <!-- enter_username -->
        <test-method signature="enter_password()[pri:0, instance:Pegalogin_Demo.Login_Page@3c7f66c4]" started-at="2021-12-13T13:10:31 IST" name="enter_password" finished-at="2021-12-13T13:10:34 IST" depends-on-methods="Pegalogin_Demo.Login_Page.enter_username" duration-ms="3133" status="PASS">
          <reporter-output>
          </reporter-output>
        </test-method> <!-- enter_password -->
        <test-method signature="click_login()[pri:0, instance:Pegalogin_Demo.Login_Page@3c7f66c4]" started-at="2021-12-13T13:10:34 IST" name="click_login" finished-at="2021-12-13T13:10:43 IST" depends-on-methods="Pegalogin_Demo.Login_Page.enter_password" duration-ms="8722" status="PASS">
          <reporter-output>
          </reporter-output>
        </test-method> <!-- click_login -->
        <test-method signature="get_title()[pri:0, instance:Pegalogin_Demo.Login_Page@3c7f66c4]" started-at="2021-12-13T13:10:43 IST" name="get_title" finished-at="2021-12-13T13:10:43 IST" depends-on-methods="Pegalogin_Demo.Login_Page.enter_password" duration-ms="19" status="PASS">
          <reporter-output>
          </reporter-output>
        </test-method> <!-- get_title -->
        <test-method is-config="true" signature="finish()[pri:0, instance:Pegalogin_Demo.Login_Page@3c7f66c4]" started-at="2021-12-13T13:10:43 IST" name="finish" finished-at="2021-12-13T13:10:43 IST" duration-ms="333" status="PASS">
          <reporter-output>
          </reporter-output>
        </test-method> <!-- finish -->
      </class> <!-- Pegalogin_Demo.Login_Page -->
    </test> <!-- Default test -->
  </suite> <!-- Default suite -->
</testng-results>
