<?xml version="1.0" encoding="UTF-8"?>
<testng-results ignored="0" total="15" passed="15" failed="0" skipped="0">
  <reporter-output>
  </reporter-output>
  <suite started-at="2021-12-13T14:29:42 IST" name="PegaLogin_twice" finished-at="2021-12-13T14:30:34 IST" duration-ms="51709">
    <groups>
    </groups>
    <test started-at="2021-12-13T14:29:42 IST" name="TestingOnPegaLogin1" finished-at="2021-12-13T14:30:03 IST" duration-ms="20792">
      <class name="Pegalogin_Thrice.Login_Page_Thrice">
        <test-method is-config="true" signature="setup(java.lang.String)[pri:0, instance:Pegalogin_Thrice.Login_Page_Thrice@53ce1329]" started-at="2021-12-13T14:29:42 IST" name="setup" finished-at="2021-12-13T14:29:45 IST" duration-ms="2574" status="PASS">
          <params>
            <param index="0">
              <value>
                <![CDATA[one]]>
              </value>
            </param>
          </params>
          <reporter-output>
          </reporter-output>
        </test-method> <!-- setup -->
        <test-method signature="launch_app()[pri:0, instance:Pegalogin_Thrice.Login_Page_Thrice@53ce1329]" started-at="2021-12-13T14:29:45 IST" name="launch_app" finished-at="2021-12-13T14:29:47 IST" duration-ms="2777" status="PASS">
          <reporter-output>
          </reporter-output>
        </test-method> <!-- launch_app -->
        <test-method signature="enter_username()[pri:0, instance:Pegalogin_Thrice.Login_Page_Thrice@53ce1329]" started-at="2021-12-13T14:29:47 IST" name="enter_username" finished-at="2021-12-13T14:29:49 IST" depends-on-methods="Pegalogin_Thrice.Login_Page_Thrice.launch_app" duration-ms="1141" status="PASS">
          <reporter-output>
          </reporter-output>
        </test-method> <!-- enter_username -->
        <test-method signature="enter_password()[pri:0, instance:Pegalogin_Thrice.Login_Page_Thrice@53ce1329]" started-at="2021-12-13T14:29:49 IST" name="enter_password" finished-at="2021-12-13T14:29:50 IST" depends-on-methods="Pegalogin_Thrice.Login_Page_Thrice.enter_username" duration-ms="1119" status="PASS">
          <reporter-output>
          </reporter-output>
        </test-method> <!-- enter_password -->
        <test-method signature="click_login()[pri:0, instance:Pegalogin_Thrice.Login_Page_Thrice@53ce1329]" started-at="2021-12-13T14:29:50 IST" name="click_login" finished-at="2021-12-13T14:29:59 IST" depends-on-methods="Pegalogin_Thrice.Login_Page_Thrice.enter_password" duration-ms="8867" status="PASS">
          <reporter-output>
          </reporter-output>
        </test-method> <!-- click_login -->
        <test-method signature="get_title()[pri:0, instance:Pegalogin_Thrice.Login_Page_Thrice@53ce1329]" started-at="2021-12-13T14:29:59 IST" name="get_title" finished-at="2021-12-13T14:29:59 IST" depends-on-methods="Pegalogin_Thrice.Login_Page_Thrice.enter_password" duration-ms="20" status="PASS">
          <reporter-output>
          </reporter-output>
        </test-method> <!-- get_title -->
        <test-method is-config="true" signature="finish()[pri:0, instance:Pegalogin_Thrice.Login_Page_Thrice@53ce1329]" started-at="2021-12-13T14:29:59 IST" name="finish" finished-at="2021-12-13T14:30:03 IST" duration-ms="4217" status="PASS">
          <reporter-output>
          </reporter-output>
        </test-method> <!-- finish -->
      </class> <!-- Pegalogin_Thrice.Login_Page_Thrice -->
    </test> <!-- TestingOnPegaLogin1 -->
    <test started-at="2021-12-13T14:30:03 IST" name="TestingOnPegaLogin2" finished-at="2021-12-13T14:30:18 IST" duration-ms="15578">
      <class name="Pegalogin_Thrice.Login_Page_Thrice">
        <test-method is-config="true" signature="setup(java.lang.String)[pri:0, instance:Pegalogin_Thrice.Login_Page_Thrice@5824a83d]" started-at="2021-12-13T14:30:03 IST" name="setup" finished-at="2021-12-13T14:30:05 IST" duration-ms="1831" status="PASS">
          <params>
            <param index="0">
              <value>
                <![CDATA[two]]>
              </value>
            </param>
          </params>
          <reporter-output>
          </reporter-output>
        </test-method> <!-- setup -->
        <test-method signature="launch_app()[pri:0, instance:Pegalogin_Thrice.Login_Page_Thrice@5824a83d]" started-at="2021-12-13T14:30:05 IST" name="launch_app" finished-at="2021-12-13T14:30:07 IST" duration-ms="2670" status="PASS">
          <reporter-output>
          </reporter-output>
        </test-method> <!-- launch_app -->
        <test-method signature="enter_username()[pri:0, instance:Pegalogin_Thrice.Login_Page_Thrice@5824a83d]" started-at="2021-12-13T14:30:07 IST" name="enter_username" finished-at="2021-12-13T14:30:09 IST" depends-on-methods="Pegalogin_Thrice.Login_Page_Thrice.launch_app" duration-ms="1167" status="PASS">
          <reporter-output>
          </reporter-output>
        </test-method> <!-- enter_username -->
        <test-method signature="enter_password()[pri:0, instance:Pegalogin_Thrice.Login_Page_Thrice@5824a83d]" started-at="2021-12-13T14:30:09 IST" name="enter_password" finished-at="2021-12-13T14:30:10 IST" depends-on-methods="Pegalogin_Thrice.Login_Page_Thrice.enter_username" duration-ms="1123" status="PASS">
          <reporter-output>
          </reporter-output>
        </test-method> <!-- enter_password -->
        <test-method signature="click_login()[pri:0, instance:Pegalogin_Thrice.Login_Page_Thrice@5824a83d]" started-at="2021-12-13T14:30:10 IST" name="click_login" finished-at="2021-12-13T14:30:18 IST" depends-on-methods="Pegalogin_Thrice.Login_Page_Thrice.enter_password" duration-ms="8577" status="PASS">
          <reporter-output>
          </reporter-output>
        </test-method> <!-- click_login -->
        <test-method signature="get_title()[pri:0, instance:Pegalogin_Thrice.Login_Page_Thrice@5824a83d]" started-at="2021-12-13T14:30:18 IST" name="get_title" finished-at="2021-12-13T14:30:18 IST" depends-on-methods="Pegalogin_Thrice.Login_Page_Thrice.enter_password" duration-ms="20" status="PASS">
          <reporter-output>
          </reporter-output>
        </test-method> <!-- get_title -->
        <test-method is-config="true" signature="finish()[pri:0, instance:Pegalogin_Thrice.Login_Page_Thrice@5824a83d]" started-at="2021-12-13T14:30:18 IST" name="finish" finished-at="2021-12-13T14:30:18 IST" duration-ms="176" status="PASS">
          <reporter-output>
          </reporter-output>
        </test-method> <!-- finish -->
      </class> <!-- Pegalogin_Thrice.Login_Page_Thrice -->
    </test> <!-- TestingOnPegaLogin2 -->
    <test started-at="2021-12-13T14:30:19 IST" name="TestingOnPegaLogin3" finished-at="2021-12-13T14:30:34 IST" duration-ms="15272">
      <class name="Pegalogin_Thrice.Login_Page_Thrice">
        <test-method is-config="true" signature="setup(java.lang.String)[pri:0, instance:Pegalogin_Thrice.Login_Page_Thrice@1e0b4072]" started-at="2021-12-13T14:30:19 IST" name="setup" finished-at="2021-12-13T14:30:20 IST" duration-ms="1906" status="PASS">
          <params>
            <param index="0">
              <value>
                <![CDATA[thrice]]>
              </value>
            </param>
          </params>
          <reporter-output>
          </reporter-output>
        </test-method> <!-- setup -->
        <test-method signature="launch_app()[pri:0, instance:Pegalogin_Thrice.Login_Page_Thrice@1e0b4072]" started-at="2021-12-13T14:30:20 IST" name="launch_app" finished-at="2021-12-13T14:30:23 IST" duration-ms="2867" status="PASS">
          <reporter-output>
          </reporter-output>
        </test-method> <!-- launch_app -->
        <test-method signature="enter_username()[pri:0, instance:Pegalogin_Thrice.Login_Page_Thrice@1e0b4072]" started-at="2021-12-13T14:30:23 IST" name="enter_username" finished-at="2021-12-13T14:30:24 IST" depends-on-methods="Pegalogin_Thrice.Login_Page_Thrice.launch_app" duration-ms="1098" status="PASS">
          <reporter-output>
          </reporter-output>
        </test-method> <!-- enter_username -->
        <test-method signature="enter_password()[pri:0, instance:Pegalogin_Thrice.Login_Page_Thrice@1e0b4072]" started-at="2021-12-13T14:30:24 IST" name="enter_password" finished-at="2021-12-13T14:30:25 IST" depends-on-methods="Pegalogin_Thrice.Login_Page_Thrice.enter_username" duration-ms="1108" status="PASS">
          <reporter-output>
          </reporter-output>
        </test-method> <!-- enter_password -->
        <test-method signature="click_login()[pri:0, instance:Pegalogin_Thrice.Login_Page_Thrice@1e0b4072]" started-at="2021-12-13T14:30:25 IST" name="click_login" finished-at="2021-12-13T14:30:34 IST" depends-on-methods="Pegalogin_Thrice.Login_Page_Thrice.enter_password" duration-ms="8070" status="PASS">
          <reporter-output>
          </reporter-output>
        </test-method> <!-- click_login -->
        <test-method signature="get_title()[pri:0, instance:Pegalogin_Thrice.Login_Page_Thrice@1e0b4072]" started-at="2021-12-13T14:30:34 IST" name="get_title" finished-at="2021-12-13T14:30:34 IST" depends-on-methods="Pegalogin_Thrice.Login_Page_Thrice.enter_password" duration-ms="14" status="PASS">
          <reporter-output>
          </reporter-output>
        </test-method> <!-- get_title -->
        <test-method is-config="true" signature="finish()[pri:0, instance:Pegalogin_Thrice.Login_Page_Thrice@1e0b4072]" started-at="2021-12-13T14:30:34 IST" name="finish" finished-at="2021-12-13T14:30:34 IST" duration-ms="202" status="PASS">
          <reporter-output>
          </reporter-output>
        </test-method> <!-- finish -->
      </class> <!-- Pegalogin_Thrice.Login_Page_Thrice -->
    </test> <!-- TestingOnPegaLogin3 -->
  </suite> <!-- PegaLogin_twice -->
</testng-results>
